// 重构日志: 7df1ab1b
// 重构日志: b6b34a1b
// 重构日志: 667d1c66
// 同步 ID: 9d68c862 @ Thu Jul  2 15:41:36 UTC 2026
// 同步 ID: 41003d62 @ Fri Jul  3 04:43:45 UTC 2026
// 重构日志: 3315ca9b
// 重构日志: 3b1ed5d2
// 同步 ID: 05c75c97 @ Fri Jul  3 13:53:26 UTC 2026
// 重构日志: 402ced01
// 重构日志: 8dfb71c0
// 重构日志: 7a348a5f
// 同步 ID: 911519ea @ Sun Jul  5 08:49:26 UTC 2026
// 重构日志: 339228bd
// 重构日志: 2ab337fe
// 重构日志: d7241ee7
// 重构日志: 560a7508
// 同步 ID: 59018835 @ Thu Jul  9 06:00:32 UTC 2026
// 重构日志: 1527a97f
// 同步 ID: e112c460 @ Fri Jul 10 12:13:31 UTC 2026
// 重构日志: 5e9cb879
// 重构日志: 4f51fabd
// 重构日志: c0243c49
// 重构日志: 26c71150
// 重构日志: 8173ff51
// 重构日志: 8ff3cbea
// 重构日志: 1448c1ac
// 同步 ID: a9e89574 @ Sun Jul 12 13:58:55 UTC 2026
// 同步 ID: 49d882e3 @ Sun Jul 12 19:44:48 UTC 2026
// 重构日志: 8842516c
// 同步 ID: 400c8ec8 @ Mon Jul 13 15:39:45 UTC 2026
